0 info it worked if it ends with ok
1 verbose cli [ '/usr/bin/nodejs',
1 verbose cli   '/usr/bin/npm',
1 verbose cli   'install',
1 verbose cli   '--save-dev',
1 verbose cli   'sass' ]
2 info using npm@1.3.10
3 info using node@v0.10.25
4 verbose readDependencies using package.json deps
5 verbose cache add [ 'sass', null ]
6 verbose cache add name=undefined spec="sass" args=["sass",null]
7 verbose parsed url { protocol: null,
7 verbose parsed url   slashes: null,
7 verbose parsed url   auth: null,
7 verbose parsed url   host: null,
7 verbose parsed url   port: null,
7 verbose parsed url   hostname: null,
7 verbose parsed url   hash: null,
7 verbose parsed url   search: null,
7 verbose parsed url   query: null,
7 verbose parsed url   pathname: 'sass',
7 verbose parsed url   path: 'sass',
7 verbose parsed url   href: 'sass' }
8 silly lockFile 5d7463cd-sass sass
9 verbose lock sass /home/vagrant/.npm/5d7463cd-sass.lock
10 silly lockFile 5d7463cd-sass sass
11 silly lockFile 5d7463cd-sass sass
12 verbose addNamed [ 'sass', '' ]
13 verbose addNamed [ null, '*' ]
14 silly lockFile abea0ec1-sass sass@
15 verbose lock sass@ /home/vagrant/.npm/abea0ec1-sass.lock
16 silly addNameRange { name: 'sass', range: '*', hasData: false }
17 verbose url raw sass
18 verbose url resolving [ 'https://registry.npmjs.org/', './sass' ]
19 verbose url resolved https://registry.npmjs.org/sass
20 info trying registry request attempt 1 at 01:51:21
21 http GET https://registry.npmjs.org/sass
22 info retry will retry, error on last attempt: Error: CERT_UNTRUSTED
23 info trying registry request attempt 2 at 01:51:31
24 http GET https://registry.npmjs.org/sass
25 info retry will retry, error on last attempt: Error: CERT_UNTRUSTED
26 info trying registry request attempt 3 at 01:52:31
27 http GET https://registry.npmjs.org/sass
28 silly lockFile abea0ec1-sass sass@
29 silly lockFile abea0ec1-sass sass@
30 error Error: CERT_UNTRUSTED
30 error     at SecurePair.<anonymous> (tls.js:1370:32)
30 error     at SecurePair.EventEmitter.emit (events.js:92:17)
30 error     at SecurePair.maybeInitFinished (tls.js:982:10)
30 error     at CleartextStream.read [as _read] (tls.js:469:13)
30 error     at CleartextStream.Readable.read (_stream_readable.js:320:10)
30 error     at EncryptedStream.write [as _write] (tls.js:366:25)
30 error     at doWrite (_stream_writable.js:223:10)
30 error     at writeOrBuffer (_stream_writable.js:213:5)
30 error     at EncryptedStream.Writable.write (_stream_writable.js:180:11)
30 error     at write (_stream_readable.js:583:24)
31 error If you need help, you may report this log at:
31 error     <http://github.com/isaacs/npm/issues>
31 error or email it to:
31 error     <npm-@googlegroups.com>
32 error System Linux 3.13.0-76-generic
33 error command "/usr/bin/nodejs" "/usr/bin/npm" "install" "--save-dev" "sass"
34 error cwd /vagrant/src/trulycake
35 error node -v v0.10.25
36 error npm -v 1.3.10
37 verbose exit [ 1, true ]
